<?xml version="1.0" encoding="UTF-8"?>
<!-- Generated by org.testng.reporters.JUnitReportReporter -->
<testsuite hostname="DESKTOP-JNTRCP7" failures="0" tests="2" name="com.qa.testscript.TC1_Cleartrip" time="27.613" errors="0" timestamp="29 Jun 2021 11:46:36 GMT" skipped="0">
  <testcase classname="com.qa.testscript.TC1_Cleartrip" name="TrainRegister" time="11.772"/>
  <testcase classname="com.qa.testscript.TC1_Cleartrip" name="TrainRegister" time="15.841"/>
</testsuite> <!-- com.qa.testscript.TC1_Cleartrip -->
