<?xml version="1.0" encoding="UTF-8"?>
<!-- Generated by org.testng.reporters.JUnitReportReporter -->
<testsuite hostname="DESKTOP-JNTRCP7" failures="0" tests="2" name="com.qa.testscript.TC1_Cleartrip" time="37.593" errors="0" timestamp="26 Jun 2021 07:01:28 GMT" skipped="0">
  <testcase classname="com.qa.testscript.TC1_Cleartrip" name="TrainRegister" time="18.476"/>
  <testcase classname="com.qa.testscript.TC1_Cleartrip" name="TrainRegister" time="19.117"/>
</testsuite> <!-- com.qa.testscript.TC1_Cleartrip -->
