<?xml version="1.0" encoding="UTF-8"?>
<!-- Generated by org.testng.reporters.JUnitReportReporter -->
<testsuite hostname="DESKTOP-JNTRCP7" failures="0" tests="2" name="com.qa.testscript.TC_Cleartrip" time="95.308" errors="0" timestamp="26 Jun 2021 07:01:28 GMT" skipped="0">
  <testcase classname="com.qa.testscript.TC_Cleartrip" name="ClearTripRegister" time="44.404"/>
  <testcase classname="com.qa.testscript.TC_Cleartrip" name="ClearTripRegister" time="50.904"/>
</testsuite> <!-- com.qa.testscript.TC_Cleartrip -->
